...found 9 targets...
...updating 3 targets...
common.mkdir libs/config/checks/architecture/bin/gcc-5.4.0
common.mkdir libs/config/checks/architecture/bin/gcc-5.4.0/debug
gcc.compile.c++ libs/config/checks/architecture/bin/gcc-5.4.0/debug/32.o
libs/config/checks/architecture/32.cpp:9:36: error: size of array ‘test’ is negative
 int test[sizeof(void*) == 4? 1 : -1];
                                    ^

    "g++"  -ftemplate-depth-128 -O0 -fno-inline -Wall -g -fPIC     -c -o "libs/config/checks/architecture/bin/gcc-5.4.0/debug/32.o" "libs/config/checks/architecture/32.cpp"

...failed gcc.compile.c++ libs/config/checks/architecture/bin/gcc-5.4.0/debug/32.o...
...failed updating 1 target...
...updated 2 targets...
...found 2 targets...
...updating 1 target...
gcc.compile.c++ libs/config/checks/architecture/bin/gcc-5.4.0/debug/64.o
...updated 1 target...
...found 2 targets...
...updating 1 target...
gcc.compile.c++ libs/config/checks/architecture/bin/gcc-5.4.0/debug/arm.o
libs/config/checks/architecture/arm.cpp:13:2: error: #error "Not ARM"
 #error "Not ARM"
  ^

    "g++"  -ftemplate-depth-128 -O0 -fno-inline -Wall -g -fPIC     -c -o "libs/config/checks/architecture/bin/gcc-5.4.0/debug/arm.o" "libs/config/checks/architecture/arm.cpp"

...failed gcc.compile.c++ libs/config/checks/architecture/bin/gcc-5.4.0/debug/arm.o...
...failed updating 1 target...
...found 2 targets...
...updating 1 target...
gcc.compile.c++ libs/config/checks/architecture/bin/gcc-5.4.0/debug/mips1.o
libs/config/checks/architecture/mips1.cpp:10:2: error: #error "Not MIPS1"
 #error "Not MIPS1"
  ^

    "g++"  -ftemplate-depth-128 -O0 -fno-inline -Wall -g -fPIC     -c -o "libs/config/checks/architecture/bin/gcc-5.4.0/debug/mips1.o" "libs/config/checks/architecture/mips1.cpp"

...failed gcc.compile.c++ libs/config/checks/architecture/bin/gcc-5.4.0/debug/mips1.o...
...failed updating 1 target...
...found 2 targets...
...updating 1 target...
gcc.compile.c++ libs/config/checks/architecture/bin/gcc-5.4.0/debug/power.o
libs/config/checks/architecture/power.cpp:13:2: error: #error "Not PPC"
 #error "Not PPC"
  ^

    "g++"  -ftemplate-depth-128 -O0 -fno-inline -Wall -g -fPIC     -c -o "libs/config/checks/architecture/bin/gcc-5.4.0/debug/power.o" "libs/config/checks/architecture/power.cpp"

...failed gcc.compile.c++ libs/config/checks/architecture/bin/gcc-5.4.0/debug/power.o...
...failed updating 1 target...
...found 2 targets...
...updating 1 target...
gcc.compile.c++ libs/config/checks/architecture/bin/gcc-5.4.0/debug/sparc.o
libs/config/checks/architecture/sparc.cpp:10:2: error: #error "Not SPARC"
 #error "Not SPARC"
  ^

    "g++"  -ftemplate-depth-128 -O0 -fno-inline -Wall -g -fPIC     -c -o "libs/config/checks/architecture/bin/gcc-5.4.0/debug/sparc.o" "libs/config/checks/architecture/sparc.cpp"

...failed gcc.compile.c++ libs/config/checks/architecture/bin/gcc-5.4.0/debug/sparc.o...
...failed updating 1 target...
...found 2 targets...
...updating 1 target...
gcc.compile.c++ libs/config/checks/architecture/bin/gcc-5.4.0/debug/x86.o
...updated 1 target...
...found 3 targets...
...patience...
...found 210 targets...
...updating 10 targets...
common.mkdir bin.v2/libs/thread/build/gcc-5.4.0
common.mkdir bin.v2/libs/thread/build/gcc-5.4.0/debug
common.mkdir bin.v2/libs/thread/build/gcc-5.4.0/debug/threading-multi
gcc.compile.c++ bin.v2/libs/thread/build/gcc-5.4.0/debug/threading-multi/has_atomic_flag_lockfree_test.o
common.mkdir bin.v2/libs/system/build/gcc-5.4.0
common.mkdir bin.v2/libs/system/build/gcc-5.4.0/debug
common.mkdir bin.v2/libs/system/build/gcc-5.4.0/debug/threading-multi
gcc.compile.c++ bin.v2/libs/system/build/gcc-5.4.0/debug/threading-multi/error_code.o
gcc.link.dll bin.v2/libs/system/build/gcc-5.4.0/debug/threading-multi/libboost_system.so.1.60.0
gcc.link bin.v2/libs/thread/build/gcc-5.4.0/debug/threading-multi/has_atomic_flag_lockfree
...updated 10 targets...
...found 22 targets...
...updating 5 targets...
common.mkdir bin.v2/libs/regex/build/gcc-5.4.0
common.mkdir bin.v2/libs/regex/build/gcc-5.4.0/debug
gcc.compile.c++ bin.v2/libs/regex/build/gcc-5.4.0/debug/has_icu_test.o
libs/regex/build/has_icu_test.cpp:12:30: fatal error: unicode/uversion.h: No such file or directory
compilation terminated.

    "g++"  -ftemplate-depth-128 -O0 -fno-inline -Wall -pedantic -g -fPIC -m64  -DBOOST_ALL_NO_LIB=1 -DBOOST_HAS_ICU=1  -I"." -c -o "bin.v2/libs/regex/build/gcc-5.4.0/debug/has_icu_test.o" "libs/regex/build/has_icu_test.cpp"

...failed gcc.compile.c++ bin.v2/libs/regex/build/gcc-5.4.0/debug/has_icu_test.o...
...skipped <pbin.v2/libs/regex/build/gcc-5.4.0/debug>has_icu_exe for lack of <pbin.v2/libs/regex/build/gcc-5.4.0/debug>has_icu_test.o...
...skipped <pbin.v2/libs/regex/build/gcc-5.4.0/debug>has_icu.output for lack of <pbin.v2/libs/regex/build/gcc-5.4.0/debug>has_icu_exe...
...failed updating 1 target...
...skipped 2 targets...
...updated 2 targets...
...found 10 targets...
...updating 4 targets...
common.mkdir bin.v2/standalone/ac/gcc-5.4.0
common.mkdir bin.v2/standalone/ac/gcc-5.4.0/release
common.mkdir bin.v2/standalone/ac/gcc-5.4.0/release/threading-multi
gcc.compile.c++ bin.v2/standalone/ac/gcc-5.4.0/release/threading-multi/zlib.h.o
bin.v2/standalone/ac/zlib.h.cpp:1:18: fatal error: zlib.h: No such file or directory
compilation terminated.

    "g++"  -ftemplate-depth-128 -O3 -finline-functions -Wno-inline -Wall -pthread -fPIC -m64  -DNDEBUG   -c -o "bin.v2/standalone/ac/gcc-5.4.0/release/threading-multi/zlib.h.o" "bin.v2/standalone/ac/zlib.h.cpp"

...failed gcc.compile.c++ bin.v2/standalone/ac/gcc-5.4.0/release/threading-multi/zlib.h.o...
...failed updating 1 target...
...updated 3 targets...
...found 5 targets...
...updating 2 targets...
gcc.compile.c++ bin.v2/standalone/ac/gcc-5.4.0/release/threading-multi/main.o
gcc.link bin.v2/standalone/ac/gcc-5.4.0/release/threading-multi/z
/usr/bin/ld: cannot find -lz
collect2: error: ld returned 1 exit status

    "g++"    -o "bin.v2/standalone/ac/gcc-5.4.0/release/threading-multi/z" -Wl,--start-group "bin.v2/standalone/ac/gcc-5.4.0/release/threading-multi/main.o"  -Wl,-Bstatic  -Wl,-Bdynamic -lz -lrt -Wl,--end-group -pthread -m64 

...failed gcc.link bin.v2/standalone/ac/gcc-5.4.0/release/threading-multi/z...
...failed updating 1 target...
...updated 1 target...
...found 1 target...
...updating 1 target...
gcc.link bin.v2/standalone/ac/gcc-5.4.0/release/threading-multi/zlib
/usr/bin/ld: cannot find -lzlib
collect2: error: ld returned 1 exit status

    "g++"    -o "bin.v2/standalone/ac/gcc-5.4.0/release/threading-multi/zlib" -Wl,--start-group "bin.v2/standalone/ac/gcc-5.4.0/release/threading-multi/main.o"  -Wl,-Bstatic  -Wl,-Bdynamic -lzlib -lrt -Wl,--end-group -pthread -m64 

...failed gcc.link bin.v2/standalone/ac/gcc-5.4.0/release/threading-multi/zlib...
...failed updating 1 target...
...found 1 target...
...updating 1 target...
gcc.link bin.v2/standalone/ac/gcc-5.4.0/release/threading-multi/zll
/usr/bin/ld: cannot find -lzll
collect2: error: ld returned 1 exit status

    "g++"    -o "bin.v2/standalone/ac/gcc-5.4.0/release/threading-multi/zll" -Wl,--start-group "bin.v2/standalone/ac/gcc-5.4.0/release/threading-multi/main.o"  -Wl,-Bstatic  -Wl,-Bdynamic -lzll -lrt -Wl,--end-group -pthread -m64 

...failed gcc.link bin.v2/standalone/ac/gcc-5.4.0/release/threading-multi/zll...
...failed updating 1 target...
...found 1 target...
...updating 1 target...
gcc.link bin.v2/standalone/ac/gcc-5.4.0/release/threading-multi/zdll
/usr/bin/ld: cannot find -lzdll
collect2: error: ld returned 1 exit status

    "g++"    -o "bin.v2/standalone/ac/gcc-5.4.0/release/threading-multi/zdll" -Wl,--start-group "bin.v2/standalone/ac/gcc-5.4.0/release/threading-multi/main.o"  -Wl,-Bstatic  -Wl,-Bdynamic -lzdll -lrt -Wl,--end-group -pthread -m64 

...failed gcc.link bin.v2/standalone/ac/gcc-5.4.0/release/threading-multi/zdll...
...failed updating 1 target...
...found 4 targets...
...updating 4 targets...
common.mkdir bin.v2/standalone/ac/gcc-5.4.0/release/link-static
common.mkdir bin.v2/standalone/ac/gcc-5.4.0/release/link-static/threading-multi
gcc.compile.c++ bin.v2/standalone/ac/gcc-5.4.0/release/link-static/threading-multi/main.o
gcc.link bin.v2/standalone/ac/gcc-5.4.0/release/link-static/threading-multi/z
/usr/bin/ld: cannot find -lz
collect2: error: ld returned 1 exit status

    "g++"    -o "bin.v2/standalone/ac/gcc-5.4.0/release/link-static/threading-multi/z" -Wl,--start-group "bin.v2/standalone/ac/gcc-5.4.0/release/link-static/threading-multi/main.o"  -Wl,-Bstatic -lz -Wl,-Bdynamic -lrt -Wl,--end-group -pthread -m64 

...failed gcc.link bin.v2/standalone/ac/gcc-5.4.0/release/link-static/threading-multi/z...
...failed updating 1 target...
...updated 3 targets...
...found 1 target...
...updating 1 target...
gcc.link bin.v2/standalone/ac/gcc-5.4.0/release/link-static/threading-multi/zlib
/usr/bin/ld: cannot find -lzlib
collect2: error: ld returned 1 exit status

    "g++"    -o "bin.v2/standalone/ac/gcc-5.4.0/release/link-static/threading-multi/zlib" -Wl,--start-group "bin.v2/standalone/ac/gcc-5.4.0/release/link-static/threading-multi/main.o"  -Wl,-Bstatic -lzlib -Wl,-Bdynamic -lrt -Wl,--end-group -pthread -m64 

...failed gcc.link bin.v2/standalone/ac/gcc-5.4.0/release/link-static/threading-multi/zlib...
...failed updating 1 target...
...found 1 target...
...updating 1 target...
gcc.link bin.v2/standalone/ac/gcc-5.4.0/release/link-static/threading-multi/zll
/usr/bin/ld: cannot find -lzll
collect2: error: ld returned 1 exit status

    "g++"    -o "bin.v2/standalone/ac/gcc-5.4.0/release/link-static/threading-multi/zll" -Wl,--start-group "bin.v2/standalone/ac/gcc-5.4.0/release/link-static/threading-multi/main.o"  -Wl,-Bstatic -lzll -Wl,-Bdynamic -lrt -Wl,--end-group -pthread -m64 

...failed gcc.link bin.v2/standalone/ac/gcc-5.4.0/release/link-static/threading-multi/zll...
...failed updating 1 target...
...found 1 target...
...updating 1 target...
gcc.link bin.v2/standalone/ac/gcc-5.4.0/release/link-static/threading-multi/zdll
/usr/bin/ld: cannot find -lzdll
collect2: error: ld returned 1 exit status

    "g++"    -o "bin.v2/standalone/ac/gcc-5.4.0/release/link-static/threading-multi/zdll" -Wl,--start-group "bin.v2/standalone/ac/gcc-5.4.0/release/link-static/threading-multi/main.o"  -Wl,-Bstatic -lzdll -Wl,-Bdynamic -lrt -Wl,--end-group -pthread -m64 

...failed gcc.link bin.v2/standalone/ac/gcc-5.4.0/release/link-static/threading-multi/zdll...
...failed updating 1 target...
...found 8 targets...
...updating 4 targets...
common.mkdir bin.v2/libs/locale/build/gcc-5.4.0
common.mkdir bin.v2/libs/locale/build/gcc-5.4.0/debug
gcc.compile.c++ bin.v2/libs/locale/build/gcc-5.4.0/debug/has_iconv_libc_obj.o
gcc.link bin.v2/libs/locale/build/gcc-5.4.0/debug/has_iconv
...updated 4 targets...
...found 4 targets...
...updating 2 targets...
gcc.compile.c++ bin.v2/libs/locale/build/gcc-5.4.0/debug/has_icu_obj.o
libs/locale/src/../build/has_icu_test.cpp:12:30: fatal error: unicode/uversion.h: No such file or directory
compilation terminated.

    "g++"  -ftemplate-depth-128 -O0 -fno-inline -Wall -g -fPIC -m64  -DBOOST_ALL_NO_LIB=1  -I"." -c -o "bin.v2/libs/locale/build/gcc-5.4.0/debug/has_icu_obj.o" "libs/locale/src/../build/has_icu_test.cpp"

...failed gcc.compile.c++ bin.v2/libs/locale/build/gcc-5.4.0/debug/has_icu_obj.o...
...skipped <pbin.v2/libs/locale/build/gcc-5.4.0/debug>has_icu for lack of <pbin.v2/libs/locale/build/gcc-5.4.0/debug>has_icu_obj.o...
...failed updating 1 target...
...skipped 1 target...
...found 2 targets...
...updating 2 targets...
gcc.compile.c++ bin.v2/libs/locale/build/gcc-5.4.0/debug/has_icu64_obj.o
libs/locale/src/../build/has_icu_test.cpp:12:30: fatal error: unicode/uversion.h: No such file or directory
compilation terminated.

    "g++"  -ftemplate-depth-128 -O0 -fno-inline -Wall -g -fPIC -m64  -DBOOST_ALL_NO_LIB=1  -I"." -c -o "bin.v2/libs/locale/build/gcc-5.4.0/debug/has_icu64_obj.o" "libs/locale/src/../build/has_icu_test.cpp"

...failed gcc.compile.c++ bin.v2/libs/locale/build/gcc-5.4.0/debug/has_icu64_obj.o...
...skipped <pbin.v2/libs/locale/build/gcc-5.4.0/debug>has_icu64 for lack of <pbin.v2/libs/locale/build/gcc-5.4.0/debug>has_icu64_obj.o...
...failed updating 1 target...
...skipped 1 target...
...found 8 targets...
...updating 4 targets...
common.mkdir bin.v2/libs/log/config/visibility/gcc-5.4.0
common.mkdir bin.v2/libs/log/config/visibility/gcc-5.4.0/debug
common.mkdir bin.v2/libs/log/config/visibility/gcc-5.4.0/debug/pch-off
gcc.compile.c++ bin.v2/libs/log/config/visibility/gcc-5.4.0/debug/pch-off/visibility.o
...updated 4 targets...
...found 7 targets...
...updating 4 targets...
common.mkdir bin.v2/libs/log/config/x86-ext/gcc-5.4.0
common.mkdir bin.v2/libs/log/config/x86-ext/gcc-5.4.0/debug
common.mkdir bin.v2/libs/log/config/x86-ext/gcc-5.4.0/debug/pch-off
gcc.compile.c++ bin.v2/libs/log/config/x86-ext/gcc-5.4.0/debug/pch-off/ssse3.o
...updated 4 targets...
...found 3 targets...
...updating 1 target...
gcc.compile.c++ bin.v2/libs/log/config/x86-ext/gcc-5.4.0/debug/pch-off/avx2.o
...updated 1 target...
...found 6 targets...
...updating 3 targets...
common.mkdir bin.v2/libs/math/config/gcc-5.4.0
common.mkdir bin.v2/libs/math/config/gcc-5.4.0/debug
gcc.compile.c++ bin.v2/libs/math/config/gcc-5.4.0/debug/has_gcc_visibility.o
...updated 3 targets...
